# JRE version: Java(TM) SE Runtime Environment (8.0_77-b03) (build 1.8.0_77-b03)
# Java VM: Java HotSpot(TM) Client VM (25.77-b03 mixed mode windows-x86 )
Heap:
 def new generation   total 6720K, used 5296K [0x04200000, 0x04940000, 0x09750000)
  eden space 6016K,  76% used [0x04200000, 0x0467c0d8, 0x047e0000)
  from space 704K, 100% used [0x04890000, 0x04940000, 0x04940000)
  to   space 704K,   0% used [0x047e0000, 0x047e0000, 0x04890000)
 tenured generation   total 14748K, used 8870K [0x09750000, 0x0a5b7000, 0x14200000)
   the space 14748K,  60% used [0x09750000, 0x09ff9b78, 0x09ff9c00, 0x0a5b7000)
 Metaspace       used 19019K, capacity 19243K, committed 19456K, reserved 19840K
GC Heap History (10 events):
Event: 3.979 GC heap before
{Heap before GC invocations=31 (full 2):
 def new generation   total 5504K, used 5331K [0x04200000, 0x047f0000, 0x09750000)
  eden space 4928K, 100% used [0x04200000, 0x046d0000, 0x046d0000)
  from space 576K,  70% used [0x046d0000, 0x04734e08, 0x04760000)
  to   space 576K,   0% used [0x04760000, 0x04760000, 0x047f0000)
 tenured generation   total 12028K, used 6773K [0x09750000, 0x0a30f000, 0x14200000)
   the space 12028K,  56% used [0x09750000, 0x09ded630, 0x09ded800, 0x0a30f000)
 Metaspace       used 16465K, capacity 16673K, committed 16768K, reserved 16768K
Event: 3.983 GC heap after
Heap after GC invocations=32 (full 2):
 def new generation   total 5504K, used 576K [0x04200000, 0x047f0000, 0x09750000)
  eden space 4928K,   0% used [0x04200000, 0x04200000, 0x046d0000)
  from space 576K, 100% used [0x04760000, 0x047f0000, 0x047f0000)
  to   space 576K,   0% used [0x046d0000, 0x046d0000, 0x04760000)
 tenured generation   total 12028K, used 7630K [0x09750000, 0x0a30f000, 0x14200000)
   the space 12028K,  63% used [0x09750000, 0x09ec3a40, 0x09ec3c00, 0x0a30f000)
 Metaspace       used 16465K, capacity 16673K, committed 16768K, reserved 16768K
}
Event: 4.297 GC heap before
{Heap before GC invocations=32 (full 2):
 def new generation   total 5504K, used 5503K [0x04200000, 0x047f0000, 0x09750000)
  eden space 4928K,  99% used [0x04200000, 0x046cff28, 0x046d0000)
  from space 576K, 100% used [0x04760000, 0x047f0000, 0x047f0000)
  to   space 576K,   0% used [0x046d0000, 0x046d0000, 0x04760000)
 tenured generation   total 12028K, used 7630K [0x09750000, 0x0a30f000, 0x14200000)
   the space 12028K,  63% used [0x09750000, 0x09ec3a40, 0x09ec3c00, 0x0a30f000)
 Metaspace       used 17200K, capacity 17411K, committed 17536K, reserved 17792K
Event: 4.302 GC heap after
Heap after GC invocations=33 (full 2):
 def new generation   total 5504K, used 576K [0x04200000, 0x047f0000, 0x09750000)
  eden space 4928K,   0% used [0x04200000, 0x04200000, 0x046d0000)
  from space 576K, 100% used [0x046d0000, 0x04760000, 0x04760000)
  to   space 576K,   0% used [0x04760000, 0x04760000, 0x047f0000)
 tenured generation   total 12028K, used 8685K [0x09750000, 0x0a30f000, 0x14200000)
   the space 12028K,  72% used [0x09750000, 0x09fcb7d0, 0x09fcb800, 0x0a30f000)
 Metaspace       used 17200K, capacity 17411K, committed 17536K, reserved 17792K
}
Event: 4.435 GC heap before
{Heap before GC invocations=33 (full 2):
 def new generation   total 5504K, used 5504K [0x04200000, 0x047f0000, 0x09750000)
  eden space 4928K, 100% used [0x04200000, 0x046d0000, 0x046d0000)
  from space 576K, 100% used [0x046d0000, 0x04760000, 0x04760000)
  to   space 576K,   0% used [0x04760000, 0x04760000, 0x047f0000)
 tenured generation   total 12028K, used 8685K [0x09750000, 0x0a30f000, 0x14200000)
   the space 12028K,  72% used [0x09750000, 0x09fcb7d0, 0x09fcb800, 0x0a30f000)
 Metaspace       used 18039K, capacity 18275K, committed 18432K, reserved 18816K
Event: 4.439 GC heap after
Heap after GC invocations=34 (full 2):
 def new generation   total 5504K, used 576K [0x04200000, 0x047f0000, 0x09750000)
  eden space 4928K,   0% used [0x04200000, 0x04200000, 0x046d0000)
  from space 576K, 100% used [0x04760000, 0x047f0000, 0x047f0000)
  to   space 576K,   0% used [0x046d0000, 0x046d0000, 0x04760000)
 tenured generation   total 12028K, used 9746K [0x09750000, 0x0a30f000, 0x14200000)
   the space 12028K,  81% used [0x09750000, 0x0a0d4920, 0x0a0d4a00, 0x0a30f000)
 Metaspace       used 18039K, capacity 18275K, committed 18432K, reserved 18816K
}
Event: 4.597 GC heap before
{Heap before GC invocations=34 (full 2):
 def new generation   total 5504K, used 2883K [0x04200000, 0x047f0000, 0x09750000)
  eden space 4928K,  46% used [0x04200000, 0x04440de8, 0x046d0000)
  from space 576K, 100% used [0x04760000, 0x047f0000, 0x047f0000)
  to   space 576K,   0% used [0x046d0000, 0x046d0000, 0x04760000)
 tenured generation   total 12028K, used 9746K [0x09750000, 0x0a30f000, 0x14200000)
   the space 12028K,  81% used [0x09750000, 0x0a0d4920, 0x0a0d4a00, 0x0a30f000)
 Metaspace       used 18156K, capacity 18371K, committed 18560K, reserved 18816K
Event: 4.625 GC heap after
Heap after GC invocations=35 (full 3):
 def new generation   total 6720K, used 0K [0x04200000, 0x04940000, 0x09750000)
  eden space 6016K,   0% used [0x04200000, 0x04200000, 0x047e0000)
  from space 704K,   0% used [0x047e0000, 0x047e0000, 0x04890000)
  to   space 704K,   0% used [0x04890000, 0x04890000, 0x04940000)
 tenured generation   total 14748K, used 8847K [0x09750000, 0x0a5b7000, 0x14200000)
   the space 14748K,  59% used [0x09750000, 0x09ff3fc0, 0x09ff4000, 0x0a5b7000)
 Metaspace       used 18156K, capacity 18371K, committed 18560K, reserved 18816K
}
Event: 4.729 GC heap before
{Heap before GC invocations=35 (full 3):
 def new generation   total 6720K, used 6016K [0x04200000, 0x04940000, 0x09750000)
  eden space 6016K, 100% used [0x04200000, 0x047e0000, 0x047e0000)
  from space 704K,   0% used [0x047e0000, 0x047e0000, 0x04890000)
  to   space 704K,   0% used [0x04890000, 0x04890000, 0x04940000)
 tenured generation   total 14748K, used 8847K [0x09750000, 0x0a5b7000, 0x14200000)
   the space 14748K,  59% used [0x09750000, 0x09ff3fc0, 0x09ff4000, 0x0a5b7000)
 Metaspace       used 18159K, capacity 18379K, committed 18560K, reserved 18816K
Event: 4.733 GC heap after
Heap after GC invocations=36 (full 3):
 def new generation   total 6720K, used 704K [0x04200000, 0x04940000, 0x09750000)
  eden space 6016K,   0% used [0x04200000, 0x04200000, 0x047e0000)
  from space 704K, 100% used [0x04890000, 0x04940000, 0x04940000)
  to   space 704K,   0% used [0x047e0000, 0x047e0000, 0x04890000)
 tenured generation   total 14748K, used 8870K [0x09750000, 0x0a5b7000, 0x14200000)
   the space 14748K,  60% used [0x09750000, 0x09ff9b78, 0x09ff9c00, 0x0a5b7000)
 Metaspace       used 18159K, capacity 18379K, committed 18560K, reserved 18816K
}

